2026-03-22T11:54:12: PM2 log: ===============================================================================
2026-03-22T11:54:13: PM2 log: --- New PM2 Daemon started ----------------------------------------------------
2026-03-22T11:54:13: PM2 log: Time                 : Sun Mar 22 2026 11:54:13 GMT+0530 (India Standard Time)
2026-03-22T11:54:13: PM2 log: PM2 version          : 6.0.14
2026-03-22T11:54:13: PM2 log: Node.js version      : 25.8.1
2026-03-22T11:54:13: PM2 log: Current arch         : arm64
2026-03-22T11:54:13: PM2 log: PM2 home             : /data/data/com.termux/files/home/.pm2
2026-03-22T11:54:13: PM2 log: PM2 PID file         : /data/data/com.termux/files/home/.pm2/pm2.pid
2026-03-22T11:54:13: PM2 log: RPC socket file      : /data/data/com.termux/files/home/.pm2/rpc.sock
2026-03-22T11:54:13: PM2 log: BUS socket file      : /data/data/com.termux/files/home/.pm2/pub.sock
2026-03-22T11:54:13: PM2 log: Application log path : /data/data/com.termux/files/home/.pm2/logs
2026-03-22T11:54:13: PM2 log: Worker Interval      : 30000
2026-03-22T11:54:13: PM2 log: Process dump file    : /data/data/com.termux/files/home/.pm2/dump.pm2
2026-03-22T11:54:13: PM2 log: Concurrent actions   : 2
2026-03-22T11:54:13: PM2 log: SIGTERM timeout      : 1600
2026-03-22T11:54:13: PM2 log: Runtime Binary       : /data/data/com.termux/files/usr/bin/node
2026-03-22T11:54:13: PM2 log: ===============================================================================
2026-03-22T11:54:37: PM2 log: App [msd-bot:0] starting in -fork mode-
2026-03-22T11:54:37: PM2 log: App [msd-bot:0] online
2026-03-22T11:54:37: PM2 warn: [pidusage] We couldn't find uptime from /proc/uptime, using os.uptime() value
2026-03-22T11:54:43: PM2 warn: [pidusage] We couldn't find uptime from /proc/uptime, using os.uptime() value
2026-03-22T11:55:12: PM2 warn: [pidusage] We couldn't find uptime from /proc/uptime, using os.uptime() value
2026-03-22T11:55:13: PM2 warn: [pidusage] We couldn't find uptime from /proc/uptime, using os.uptime() value
2026-03-22T11:55:43: PM2 warn: [pidusage] We couldn't find uptime from /proc/uptime, using os.uptime() value
2026-03-22T11:56:13: PM2 warn: [pidusage] We couldn't find uptime from /proc/uptime, using os.uptime() value
2026-03-22T11:56:43: PM2 warn: [pidusage] We couldn't find uptime from /proc/uptime, using os.uptime() value
2026-03-22T11:57:13: PM2 warn: [pidusage] We couldn't find uptime from /proc/uptime, using os.uptime() value
2026-03-22T11:57:32: PM2 warn: [pidusage] We couldn't find uptime from /proc/uptime, using os.uptime() value
2026-03-22T11:57:43: PM2 warn: [pidusage] We couldn't find uptime from /proc/uptime, using os.uptime() value
2026-03-22T11:58:13: PM2 warn: [pidusage] We couldn't find uptime from /proc/uptime, using os.uptime() value
2026-03-22T11:58:43: PM2 warn: [pidusage] We couldn't find uptime from /proc/uptime, using os.uptime() value
2026-03-22T11:59:13: PM2 warn: [pidusage] We couldn't find uptime from /proc/uptime, using os.uptime() value
2026-03-22T11:59:43: PM2 warn: [pidusage] We couldn't find uptime from /proc/uptime, using os.uptime() value
2026-03-22T12:00:13: PM2 warn: [pidusage] We couldn't find uptime from /proc/uptime, using os.uptime() value
